Time resolution is 1 ps
At time                    0, state =  0
At time               112000, state =  1
x2:   x
x2:   x
x2:  76
At time               148000, state =  2
x3 (x2 + MD):    x
x4:      x
x3 (x2 + MD):    0
x4:  32768
x3 (x2 + MD):    X
x4:  32768
x3 (x2 + MD):   70
x4:  32768
At time               196000, state =  3
x5 (from divison):       x
x5 (from divison):     468
x5 (from divison):     468
At time               700000, state =  4
x7 (from addition):        x
x7 (from addition):      544
At time               784000, state =  5
x7 (from another addition):      544
x7 (from another addition):      552
x8 (from divison):        x
At time              1360000, state =  6
temp_data:     x
At time              1372000, state =  0
At time              1384000, state =  1
x2:  76
x2:  76
x2:  76
At time              1420000, state =  2
x3 (x2 + MD):   70
x4:  32768
x3 (x2 + MD):   70
x4:  32768
x3 (x2 + MD):   70
x4:  32768
x3 (x2 + MD):   70
x4:  32768
At time              1468000, state =  3
x5 (from divison):     468
x5 (from divison):     468
x5 (from divison):     468
At time              1504000, state =  4
x7 (from addition):      560
x7 (from addition):      544
At time              1588000, state =  5
x7 (from another addition):      544
x8 (from divison):        3
x7 (from another addition):      552
x8 (from divison):        3
x8 (from divison):        3
x8 (from divison):        3
At time              1636000, state =  6
temp_data:     3
temp_data:     3
temp_data:     3
temp_data:     3
temp_data:     3
temp_data:     3
temp_data:     3
temp_data:     3
temp_data:     3
temp_data:     3
temp_data:     3
temp_data:     3
temp_data:     3
temp_data:     3
temp_data:     3
temp_data:     3
temp_data:     3
temp_data:     3
temp_data:     3
temp_data:     3
temp_data:     3
temp_data:     3
temp_data:     3
temp_data:     3
temp_data:     3
temp_data:     3
temp_data:     3
temp_data:     3
temp_data:     3
temp_data:     3
temp_data:     3
temp_data:     3
temp_data:     3
temp_data:     3
temp_data:     3
temp_data:     3
temp_data:     3
temp_data:     3
temp_data:     3
temp_data:     3
temp_data:     3
temp_data:     3
temp_data:     3
temp_data:     3
temp_data:     3
temp_data:     3
temp_data:     3
temp_data:     3
temp_data:     3
temp_data:     3
temp_data:     3
temp_data:     3
temp_data:     3
temp_data:     3
temp_data:     3
temp_data:     3
temp_data:     3
temp_data:     3
temp_data:     3
temp_data:     3
temp_data:     3
temp_data:     3
temp_data:     3
temp_data:     3
temp_data:     3
temp_data:     3
temp_data:     3
temp_data:     3
temp_data:     3
temp_data:     3
temp_data:     3
temp_data:     3
temp_data:     3
temp_data:     3
temp_data:     3
temp_data:     3
temp_data:     3
temp_data:     3
temp_data:     3
temp_data:     3
temp_data:     3
temp_data:     3
temp_data:     3
temp_data:     3
temp_data:     3
temp_data:     3
temp_data:     3
temp_data:     3
temp_data:     3
temp_data:     3
temp_data:     3
temp_data:     3
temp_data:     3
temp_data:     3
temp_data:     3
temp_data:     3
temp_data:     3
temp_data:     3
temp_data:     3
temp_data:     3
temp_data:     3
temp_data:     3
temp_data:     3
temp_data:     3
temp_data:     3
temp_data:     3
temp_data:     3
temp_data:     3
temp_data:     3
temp_data:     3
temp_data:     3
temp_data:     3
temp_data:     3
temp_data:     3
temp_data:     3
temp_data:     3
temp_data:     3
temp_data:     3
temp_data:     3
temp_data:     3
temp_data:     3
temp_data:     3
temp_data:     3
temp_data:     3
temp_data:     3
temp_data:     3
temp_data:     3
temp_data:     3
temp_data:     3
temp_data:     3
temp_data:     3
temp_data:     3
temp_data:     3
temp_data:     3
temp_data:     3
temp_data:     3
temp_data:     3
temp_data:     3
temp_data:     3
temp_data:     3
temp_data:     3
temp_data:     3
temp_data:     3
temp_data:     3
temp_data:     3
temp_data:     3
temp_data:     3
temp_data:     3
temp_data:     3
temp_data:     3
temp_data:     3
temp_data:     3
temp_data:     3
temp_data:     3
temp_data:     3
temp_data:     3
temp_data:     3
temp_data:     3
temp_data:     3
temp_data:     3
temp_data:     3
temp_data:     3
temp_data:     3
temp_data:     3
temp_data:     3
temp_data:     3
temp_data:     3
temp_data:     3
temp_data:     3
temp_data:     3
temp_data:     3
temp_data:     3
temp_data:     3
temp_data:     3
temp_data:     3
temp_data:     3
temp_data:     3
temp_data:     3
temp_data:     3
temp_data:     3
temp_data:     3
temp_data:     3
temp_data:     3
temp_data:     3
temp_data:     3
temp_data:     3
temp_data:     3
temp_data:     3
temp_data:     3
temp_data:     3
temp_data:     3
temp_data:     3
temp_data:     3
temp_data:     3
temp_data:     3
temp_data:     3
temp_data:     3
temp_data:     3
temp_data:     3
temp_data:     3
temp_data:     3
temp_data:     3
temp_data:     3
temp_data:     3
temp_data:     3
temp_data:     3
temp_data:     3
temp_data:     3
temp_data:     3
temp_data:     3
temp_data:     3
temp_data:     3
temp_data:     3
temp_data:     3
temp_data:     3
temp_data:     3
temp_data:     3
temp_data:     3
temp_data:     3
temp_data:     3
temp_data:     3
temp_data:     3
temp_data:     3
temp_data:     3
temp_data:     3
temp_data:     3
temp_data:     3
temp_data:     3
temp_data:     3
temp_data:     3
temp_data:     3
temp_data:     3
temp_data:     3
temp_data:     3
temp_data:     3
temp_data:     3
temp_data:     3
temp_data:     3
temp_data:     3
temp_data:     3
temp_data:     3
temp_data:     3
temp_data:     3
temp_data:     3
temp_data:     3
temp_data:     3
temp_data:     3
temp_data:     3
temp_data:     3
temp_data:     3
temp_data:     3
temp_data:     3
temp_data:     3
temp_data:     3
temp_data:     3
temp_data:     3
temp_data:     3
temp_data:     3
temp_data:     3
temp_data:     3
temp_data:     3
temp_data:     3
temp_data:     3
temp_data:     3
temp_data:     3
temp_data:     3
temp_data:     3
temp_data:     3
temp_data:     3
temp_data:     3
temp_data:     3
temp_data:     3
temp_data:     3
temp_data:     3
temp_data:     3
temp_data:     3
temp_data:     3
temp_data:     3
temp_data:     3
temp_data:     3
temp_data:     3
temp_data:     3
temp_data:     3
temp_data:     3
temp_data:     3
temp_data:     3
temp_data:     3
temp_data:     3
temp_data:     3
temp_data:     3
temp_data:     3
temp_data:     3
temp_data:     3
temp_data:     3
temp_data:     3
temp_data:     3
temp_data:     3
temp_data:     3
temp_data:     3
temp_data:     3
temp_data:     3
temp_data:     3
temp_data:     3
temp_data:     3
temp_data:     3
temp_data:     3
temp_data:     3
temp_data:     3
temp_data:     3
temp_data:     3
temp_data:     3
temp_data:     3
temp_data:     3
temp_data:     3
temp_data:     3
temp_data:     3
temp_data:     3
temp_data:     3
temp_data:     3
temp_data:     3
temp_data:     3
temp_data:     3
temp_data:     3
temp_data:     3
temp_data:     3
temp_data:     3
temp_data:     3
temp_data:     3
temp_data:     3
temp_data:     3
temp_data:     3
temp_data:     3
temp_data:     3
temp_data:     3
temp_data:     3
temp_data:     3
temp_data:     3
temp_data:     3
temp_data:     3
temp_data:     3
temp_data:     3
temp_data:     3
temp_data:     3
temp_data:     3
temp_data:     3
temp_data:     3
temp_data:     3
temp_data:     3
temp_data:     3
temp_data:     3
temp_data:     3
temp_data:     3
temp_data:     3
temp_data:     3
temp_data:     3
temp_data:     3
temp_data:     3
temp_data:     3
temp_data:     3
temp_data:     3
temp_data:     3
temp_data:     3
temp_data:     3
temp_data:     3
temp_data:     3
temp_data:     3
temp_data:     3
temp_data:     3
temp_data:     3
temp_data:     3
temp_data:     3
temp_data:     3
temp_data:     3
temp_data:     3
temp_data:     3
temp_data:     3
temp_data:     3
temp_data:     3
temp_data:     3
temp_data:     3
temp_data:     3
temp_data:     3
temp_data:     3
temp_data:     3
temp_data:     3
temp_data:     3
temp_data:     3
temp_data:     3
temp_data:     3
temp_data:     3
temp_data:     3
temp_data:     3
temp_data:     3
temp_data:     3
temp_data:     3
temp_data:     3
temp_data:     3
temp_data:     3
temp_data:     3
temp_data:     3
temp_data:     3
temp_data:     3
temp_data:     3
temp_data:     3
temp_data:     3
temp_data:     3
temp_data:     3
temp_data:     3
temp_data:     3
temp_data:     3
temp_data:     3
temp_data:     3
temp_data:     3
temp_data:     3
temp_data:     3
temp_data:     3
temp_data:     3
temp_data:     3
temp_data:     3
temp_data:     3
temp_data:     3
temp_data:     3
temp_data:     3
temp_data:     3
temp_data:     3
temp_data:     3
temp_data:     3
temp_data:     3
temp_data:     3
temp_data:     3
temp_data:     3
temp_data:     3
temp_data:     3
temp_data:     3
temp_data:     3
temp_data:     3
temp_data:     3
temp_data:     3
temp_data:     3
temp_data:     3
temp_data:     3
temp_data:     3
temp_data:     3
temp_data:     3
temp_data:     3
temp_data:     3
temp_data:     3
temp_data:     3
temp_data:     3
temp_data:     3
temp_data:     3
temp_data:     3
temp_data:     3
temp_data:     3
temp_data:     3
temp_data:     3
temp_data:     3
temp_data:     3
temp_data:     3
temp_data:     3
temp_data:     3
temp_data:     3
temp_data:     3
temp_data:     3
temp_data:     3
temp_data:     3
temp_data:     3
temp_data:     3
temp_data:     3
temp_data:     3
temp_data:     3
temp_data:     3
temp_data:     3
temp_data:     3
temp_data:     3
temp_data:     3
temp_data:     3
temp_data:     3
temp_data:     3
temp_data:     3
temp_data:     3
temp_data:     3
temp_data:     3
temp_data:     3
temp_data:     3
temp_data:     3
temp_data:     3
temp_data:     3
temp_data:     3
temp_data:     3
temp_data:     3
temp_data:     3
temp_data:     3
temp_data:     3
temp_data:     3
temp_data:     3
temp_data:     3
temp_data:     3
temp_data:     3
temp_data:     3
temp_data:     3
temp_data:     3
temp_data:     3
temp_data:     3
temp_data:     3
temp_data:     3
temp_data:     3
temp_data:     3
temp_data:     3
temp_data:     3
temp_data:     3
temp_data:     3
temp_data:     3
temp_data:     3
temp_data:     3
temp_data:     3
temp_data:     3
temp_data:     3
temp_data:     3
temp_data:     3
temp_data:     3
temp_data:     3
temp_data:     3
temp_data:     3
temp_data:     3
temp_data:     3
temp_data:     3
temp_data:     3
temp_data:     3
temp_data:     3
temp_data:     3
temp_data:     3
temp_data:     3
temp_data:     3
temp_data:     3
temp_data:     3
temp_data:     3
temp_data:     3
temp_data:     3
temp_data:     3
temp_data:     3
temp_data:     3
temp_data:     3
temp_data:     3
temp_data:     3
temp_data:     3
temp_data:     3
temp_data:     3
temp_data:     3
temp_data:     3
temp_data:     3
temp_data:     3
temp_data:     3
temp_data:     3
temp_data:     3
temp_data:     3
temp_data:     3
temp_data:     3
temp_data:     3
temp_data:     3
temp_data:     3
temp_data:     3
temp_data:     3
temp_data:     3
temp_data:     3
temp_data:     3
temp_data:     3
temp_data:     3
temp_data:     3
temp_data:     3
temp_data:     3
temp_data:     3
temp_data:     3
temp_data:     3
temp_data:     3
temp_data:     3
temp_data:     3
temp_data:     3
temp_data:     3
temp_data:     3
temp_data:     3
temp_data:     3
temp_data:     3
temp_data:     3
temp_data:     3
temp_data:     3
temp_data:     3
temp_data:     3
temp_data:     3
temp_data:     3
temp_data:     3
temp_data:     3
temp_data:     3
temp_data:     3
temp_data:     3
temp_data:     3
temp_data:     3
temp_data:     3
temp_data:     3
temp_data:     3
temp_data:     3
temp_data:     3
temp_data:     3
temp_data:     3
temp_data:     3
temp_data:     3
temp_data:     3
temp_data:     3
temp_data:     3
temp_data:     3
temp_data:     3
temp_data:     3
temp_data:     3
temp_data:     3
temp_data:     3
temp_data:     3
temp_data:     3
temp_data:     3
temp_data:     3
temp_data:     3
temp_data:     3
temp_data:     3
