
*** Running vivado
    with args -log div_gen_1.vds -m64 -product Vivado -mode batch -messageDb vivado.pb -notrace -source div_gen_1.tcl



****** Vivado v2023.2 (64-bit)
  **** SW Build 4029153 on Fri Oct 13 20:14:34 MDT 2023
  **** IP Build 4028589 on Sat Oct 14 00:45:43 MDT 2023
  **** SharedData Build 4025554 on Tue Oct 10 17:18:54 MDT 2023
    ** Copyright 1986-2022 Xilinx, Inc. All Rights Reserved.
    ** Copyright 2022-2023 Advanced Micro Devices, Inc. All Rights Reserved.

source div_gen_1.tcl -notrace
create_project: Time (s): cpu = 00:00:19 ; elapsed = 00:00:20 . Memory (MB): peak = 593.125 ; gain = 218.172
INFO: [IP_Flow 19-6924] IPCACHE: Running cache check for IP inst: div_gen_1
Command: synth_design -top div_gen_1 -part xc7a35tcpg236-1 -incremental_mode off -mode out_of_context
Starting synth_design
Attempting to get a license for feature 'Synthesis' and/or device 'xc7a35t'
INFO: [Common 17-349] Got license for feature 'Synthesis' and/or device 'xc7a35t'
INFO: [Device 21-403] Loading part xc7a35tcpg236-1
INFO: [Synth 8-7079] Multithreading enabled for synth_design using a maximum of 2 processes.
INFO: [Synth 8-7078] Launching helper process for spawning children vivado processes
INFO: [Synth 8-7075] Helper process launched with PID 17192
---------------------------------------------------------------------------------
Starting RTL Elaboration : Time (s): cpu = 00:00:25 ; elapsed = 00:00:26 . Memory (MB): peak = 1432.316 ; gain = 439.086
---------------------------------------------------------------------------------
INFO: [Synth 8-638] synthesizing module 'div_gen_1' [c:/Users/ethan/Vivado_Projects/basic_i2c/basic_i2c.gen/sources_1/ip/div_gen_1/synth/div_gen_1.vhd:71]
	Parameter C_XDEVICEFAMILY bound to: artix7 - type: string 
	Parameter C_HAS_ARESETN bound to: 0 - type: integer 
	Parameter C_HAS_ACLKEN bound to: 0 - type: integer 
	Parameter C_LATENCY bound to: 44 - type: integer 
	Parameter ALGORITHM_TYPE bound to: 1 - type: integer 
	Parameter DIVISOR_WIDTH bound to: 9 - type: integer 
	Parameter DIVIDEND_WIDTH bound to: 24 - type: integer 
	Parameter SIGNED_B bound to: 1 - type: integer 
	Parameter DIVCLK_SEL bound to: 1 - type: integer 
	Parameter FRACTIONAL_B bound to: 1 - type: integer 
	Parameter FRACTIONAL_WIDTH bound to: 16 - type: integer 
	Parameter C_HAS_DIV_BY_ZERO bound to: 0 - type: integer 
	Parameter C_THROTTLE_SCHEME bound to: 3 - type: integer 
	Parameter C_TLAST_RESOLUTION bound to: 0 - type: integer 
	Parameter C_HAS_S_AXIS_DIVISOR_TUSER bound to: 0 - type: integer 
	Parameter C_HAS_S_AXIS_DIVISOR_TLAST bound to: 0 - type: integer 
	Parameter C_S_AXIS_DIVISOR_TDATA_WIDTH bound to: 16 - type: integer 
	Parameter C_S_AXIS_DIVISOR_TUSER_WIDTH bound to: 1 - type: integer 
	Parameter C_HAS_S_AXIS_DIVIDEND_TUSER bound to: 0 - type: integer 
	Parameter C_HAS_S_AXIS_DIVIDEND_TLAST bound to: 0 - type: integer 
	Parameter C_S_AXIS_DIVIDEND_TDATA_WIDTH bound to: 24 - type: integer 
	Parameter C_S_AXIS_DIVIDEND_TUSER_WIDTH bound to: 1 - type: integer 
	Parameter C_M_AXIS_DOUT_TDATA_WIDTH bound to: 40 - type: integer 
	Parameter C_M_AXIS_DOUT_TUSER_WIDTH bound to: 1 - type: integer 
INFO: [Synth 8-3491] module 'div_gen_v5_1_20' declared at 'c:/Users/ethan/Vivado_Projects/basic_i2c/basic_i2c.gen/sources_1/ip/div_gen_1/hdl/div_gen_v5_1_vh_rfs.vhd:13454' bound to instance 'U0' of component 'div_gen_v5_1_20' [c:/Users/ethan/Vivado_Projects/basic_i2c/basic_i2c.gen/sources_1/ip/div_gen_1/synth/div_gen_1.vhd:143]
INFO: [Synth 8-256] done synthesizing module 'div_gen_1' (0#1) [c:/Users/ethan/Vivado_Projects/basic_i2c/basic_i2c.gen/sources_1/ip/div_gen_1/synth/div_gen_1.vhd:71]
WARNING: [Synth 8-7129] Port ce in module c_twos_comp_viv__parameterized2 is either unconnected or has no load
WARNING: [Synth 8-7129] Port aclr in module c_twos_comp_viv__parameterized2 is either unconnected or has no load
WARNING: [Synth 8-7129] Port aset in module c_twos_comp_viv__parameterized2 is either unconnected or has no load
WARNING: [Synth 8-7129] Port ainit in module c_twos_comp_viv__parameterized2 is either unconnected or has no load
WARNING: [Synth 8-7129] Port sclr in module c_twos_comp_viv__parameterized2 is either unconnected or has no load
WARNING: [Synth 8-7129] Port sset in module c_twos_comp_viv__parameterized2 is either unconnected or has no load
WARNING: [Synth 8-7129] Port sinit in module c_twos_comp_viv__parameterized2 is either unconnected or has no load
WARNING: [Synth 8-7129] Port ce in module c_twos_comp_viv__parameterized1 is either unconnected or has no load
WARNING: [Synth 8-7129] Port aclr in module c_twos_comp_viv__parameterized1 is either unconnected or has no load
WARNING: [Synth 8-7129] Port aset in module c_twos_comp_viv__parameterized1 is either unconnected or has no load
WARNING: [Synth 8-7129] Port ainit in module c_twos_comp_viv__parameterized1 is either unconnected or has no load
WARNING: [Synth 8-7129] Port sclr in module c_twos_comp_viv__parameterized1 is either unconnected or has no load
WARNING: [Synth 8-7129] Port sset in module c_twos_comp_viv__parameterized1 is either unconnected or has no load
WARNING: [Synth 8-7129] Port sinit in module c_twos_comp_viv__parameterized1 is either unconnected or has no load
WARNING: [Synth 8-7129] Port CE in module xbip_pipe_v3_0_7_viv__parameterized7 is either unconnected or has no load
WARNING: [Synth 8-7129] Port SCLR in module xbip_pipe_v3_0_7_viv__parameterized7 is either unconnected or has no load
WARNING: [Synth 8-7129] Port SSET in module xbip_pipe_v3_0_7_viv__parameterized7 is either unconnected or has no load
WARNING: [Synth 8-7129] Port SINIT in module xbip_pipe_v3_0_7_viv__parameterized7 is either unconnected or has no load
WARNING: [Synth 8-7129] Port CE in module xbip_pipe_v3_0_7_viv__parameterized133 is either unconnected or has no load
WARNING: [Synth 8-7129] Port SCLR in module xbip_pipe_v3_0_7_viv__parameterized133 is either unconnected or has no load
WARNING: [Synth 8-7129] Port SSET in module xbip_pipe_v3_0_7_viv__parameterized133 is either unconnected or has no load
WARNING: [Synth 8-7129] Port SINIT in module xbip_pipe_v3_0_7_viv__parameterized133 is either unconnected or has no load
WARNING: [Synth 8-7129] Port CE in module xbip_pipe_v3_0_7_viv__parameterized5 is either unconnected or has no load
WARNING: [Synth 8-7129] Port SCLR in module xbip_pipe_v3_0_7_viv__parameterized5 is either unconnected or has no load
WARNING: [Synth 8-7129] Port SSET in module xbip_pipe_v3_0_7_viv__parameterized5 is either unconnected or has no load
WARNING: [Synth 8-7129] Port SINIT in module xbip_pipe_v3_0_7_viv__parameterized5 is either unconnected or has no load
WARNING: [Synth 8-7129] Port CE in module xbip_pipe_v3_0_7_viv__parameterized131 is either unconnected or has no load
WARNING: [Synth 8-7129] Port SCLR in module xbip_pipe_v3_0_7_viv__parameterized131 is either unconnected or has no load
WARNING: [Synth 8-7129] Port SSET in module xbip_pipe_v3_0_7_viv__parameterized131 is either unconnected or has no load
WARNING: [Synth 8-7129] Port SINIT in module xbip_pipe_v3_0_7_viv__parameterized131 is either unconnected or has no load
WARNING: [Synth 8-7129] Port CE in module xbip_pipe_v3_0_7_viv__parameterized9 is either unconnected or has no load
WARNING: [Synth 8-7129] Port SCLR in module xbip_pipe_v3_0_7_viv__parameterized9 is either unconnected or has no load
WARNING: [Synth 8-7129] Port SSET in module xbip_pipe_v3_0_7_viv__parameterized9 is either unconnected or has no load
WARNING: [Synth 8-7129] Port SINIT in module xbip_pipe_v3_0_7_viv__parameterized9 is either unconnected or has no load
WARNING: [Synth 8-7129] Port c_out in module c_addsub_lut6 is either unconnected or has no load
WARNING: [Synth 8-7129] Port ce in module c_addsub_lut6 is either unconnected or has no load
WARNING: [Synth 8-7129] Port bypass in module c_addsub_lut6 is either unconnected or has no load
WARNING: [Synth 8-7129] Port aclr in module c_addsub_lut6 is either unconnected or has no load
WARNING: [Synth 8-7129] Port aset in module c_addsub_lut6 is either unconnected or has no load
WARNING: [Synth 8-7129] Port ainit in module c_addsub_lut6 is either unconnected or has no load
WARNING: [Synth 8-7129] Port sclr in module c_addsub_lut6 is either unconnected or has no load
WARNING: [Synth 8-7129] Port sset in module c_addsub_lut6 is either unconnected or has no load
WARNING: [Synth 8-7129] Port sinit in module c_addsub_lut6 is either unconnected or has no load
WARNING: [Synth 8-7129] Port b_in in module c_addsub_viv is either unconnected or has no load
WARNING: [Synth 8-7129] Port a_signed in module c_addsub_viv is either unconnected or has no load
WARNING: [Synth 8-7129] Port b_signed in module c_addsub_viv is either unconnected or has no load
WARNING: [Synth 8-7129] Port CE in module xbip_pipe_v3_0_7_viv__parameterized129 is either unconnected or has no load
WARNING: [Synth 8-7129] Port SCLR in module xbip_pipe_v3_0_7_viv__parameterized129 is either unconnected or has no load
WARNING: [Synth 8-7129] Port SSET in module xbip_pipe_v3_0_7_viv__parameterized129 is either unconnected or has no load
WARNING: [Synth 8-7129] Port SINIT in module xbip_pipe_v3_0_7_viv__parameterized129 is either unconnected or has no load
WARNING: [Synth 8-7129] Port CE in module xbip_pipe_v3_0_7_viv__parameterized127 is either unconnected or has no load
WARNING: [Synth 8-7129] Port SCLR in module xbip_pipe_v3_0_7_viv__parameterized127 is either unconnected or has no load
WARNING: [Synth 8-7129] Port SSET in module xbip_pipe_v3_0_7_viv__parameterized127 is either unconnected or has no load
WARNING: [Synth 8-7129] Port SINIT in module xbip_pipe_v3_0_7_viv__parameterized127 is either unconnected or has no load
WARNING: [Synth 8-7129] Port CE in module xbip_pipe_v3_0_7_viv__parameterized125 is either unconnected or has no load
WARNING: [Synth 8-7129] Port SCLR in module xbip_pipe_v3_0_7_viv__parameterized125 is either unconnected or has no load
WARNING: [Synth 8-7129] Port SSET in module xbip_pipe_v3_0_7_viv__parameterized125 is either unconnected or has no load
WARNING: [Synth 8-7129] Port SINIT in module xbip_pipe_v3_0_7_viv__parameterized125 is either unconnected or has no load
WARNING: [Synth 8-7129] Port CE in module xbip_pipe_v3_0_7_viv__parameterized123 is either unconnected or has no load
WARNING: [Synth 8-7129] Port SCLR in module xbip_pipe_v3_0_7_viv__parameterized123 is either unconnected or has no load
WARNING: [Synth 8-7129] Port SSET in module xbip_pipe_v3_0_7_viv__parameterized123 is either unconnected or has no load
WARNING: [Synth 8-7129] Port SINIT in module xbip_pipe_v3_0_7_viv__parameterized123 is either unconnected or has no load
WARNING: [Synth 8-7129] Port CE in module xbip_pipe_v3_0_7_viv__parameterized121 is either unconnected or has no load
WARNING: [Synth 8-7129] Port SCLR in module xbip_pipe_v3_0_7_viv__parameterized121 is either unconnected or has no load
WARNING: [Synth 8-7129] Port SSET in module xbip_pipe_v3_0_7_viv__parameterized121 is either unconnected or has no load
WARNING: [Synth 8-7129] Port SINIT in module xbip_pipe_v3_0_7_viv__parameterized121 is either unconnected or has no load
WARNING: [Synth 8-7129] Port CE in module xbip_pipe_v3_0_7_viv__parameterized119 is either unconnected or has no load
WARNING: [Synth 8-7129] Port SCLR in module xbip_pipe_v3_0_7_viv__parameterized119 is either unconnected or has no load
WARNING: [Synth 8-7129] Port SSET in module xbip_pipe_v3_0_7_viv__parameterized119 is either unconnected or has no load
WARNING: [Synth 8-7129] Port SINIT in module xbip_pipe_v3_0_7_viv__parameterized119 is either unconnected or has no load
WARNING: [Synth 8-7129] Port CE in module xbip_pipe_v3_0_7_viv__parameterized117 is either unconnected or has no load
WARNING: [Synth 8-7129] Port SCLR in module xbip_pipe_v3_0_7_viv__parameterized117 is either unconnected or has no load
WARNING: [Synth 8-7129] Port SSET in module xbip_pipe_v3_0_7_viv__parameterized117 is either unconnected or has no load
WARNING: [Synth 8-7129] Port SINIT in module xbip_pipe_v3_0_7_viv__parameterized117 is either unconnected or has no load
WARNING: [Synth 8-7129] Port CE in module xbip_pipe_v3_0_7_viv__parameterized115 is either unconnected or has no load
WARNING: [Synth 8-7129] Port SCLR in module xbip_pipe_v3_0_7_viv__parameterized115 is either unconnected or has no load
WARNING: [Synth 8-7129] Port SSET in module xbip_pipe_v3_0_7_viv__parameterized115 is either unconnected or has no load
WARNING: [Synth 8-7129] Port SINIT in module xbip_pipe_v3_0_7_viv__parameterized115 is either unconnected or has no load
WARNING: [Synth 8-7129] Port CE in module xbip_pipe_v3_0_7_viv__parameterized113 is either unconnected or has no load
WARNING: [Synth 8-7129] Port SCLR in module xbip_pipe_v3_0_7_viv__parameterized113 is either unconnected or has no load
WARNING: [Synth 8-7129] Port SSET in module xbip_pipe_v3_0_7_viv__parameterized113 is either unconnected or has no load
WARNING: [Synth 8-7129] Port SINIT in module xbip_pipe_v3_0_7_viv__parameterized113 is either unconnected or has no load
WARNING: [Synth 8-7129] Port CE in module xbip_pipe_v3_0_7_viv__parameterized111 is either unconnected or has no load
WARNING: [Synth 8-7129] Port SCLR in module xbip_pipe_v3_0_7_viv__parameterized111 is either unconnected or has no load
WARNING: [Synth 8-7129] Port SSET in module xbip_pipe_v3_0_7_viv__parameterized111 is either unconnected or has no load
WARNING: [Synth 8-7129] Port SINIT in module xbip_pipe_v3_0_7_viv__parameterized111 is either unconnected or has no load
WARNING: [Synth 8-7129] Port CE in module xbip_pipe_v3_0_7_viv__parameterized109 is either unconnected or has no load
WARNING: [Synth 8-7129] Port SCLR in module xbip_pipe_v3_0_7_viv__parameterized109 is either unconnected or has no load
WARNING: [Synth 8-7129] Port SSET in module xbip_pipe_v3_0_7_viv__parameterized109 is either unconnected or has no load
WARNING: [Synth 8-7129] Port SINIT in module xbip_pipe_v3_0_7_viv__parameterized109 is either unconnected or has no load
WARNING: [Synth 8-7129] Port CE in module xbip_pipe_v3_0_7_viv__parameterized107 is either unconnected or has no load
WARNING: [Synth 8-7129] Port SCLR in module xbip_pipe_v3_0_7_viv__parameterized107 is either unconnected or has no load
WARNING: [Synth 8-7129] Port SSET in module xbip_pipe_v3_0_7_viv__parameterized107 is either unconnected or has no load
WARNING: [Synth 8-7129] Port SINIT in module xbip_pipe_v3_0_7_viv__parameterized107 is either unconnected or has no load
WARNING: [Synth 8-7129] Port CE in module xbip_pipe_v3_0_7_viv__parameterized105 is either unconnected or has no load
WARNING: [Synth 8-7129] Port SCLR in module xbip_pipe_v3_0_7_viv__parameterized105 is either unconnected or has no load
WARNING: [Synth 8-7129] Port SSET in module xbip_pipe_v3_0_7_viv__parameterized105 is either unconnected or has no load
WARNING: [Synth 8-7129] Port SINIT in module xbip_pipe_v3_0_7_viv__parameterized105 is either unconnected or has no load
WARNING: [Synth 8-7129] Port CE in module xbip_pipe_v3_0_7_viv__parameterized103 is either unconnected or has no load
WARNING: [Synth 8-7129] Port SCLR in module xbip_pipe_v3_0_7_viv__parameterized103 is either unconnected or has no load
INFO: [Common 17-14] Message 'Synth 8-7129' appears 100 times and further instances of the messages will be disabled. Use the Tcl command set_msg_config to change the current settings.
---------------------------------------------------------------------------------
Finished RTL Elaboration : Time (s): cpu = 00:00:39 ; elapsed = 00:00:41 . Memory (MB): peak = 1654.324 ; gain = 661.094
---------------------------------------------------------------------------------
---------------------------------------------------------------------------------
Start Handling Custom Attributes
---------------------------------------------------------------------------------
---------------------------------------------------------------------------------
Finished Handling Custom Attributes : Time (s): cpu = 00:00:39 ; elapsed = 00:00:42 . Memory (MB): peak = 1654.324 ; gain = 661.094
---------------------------------------------------------------------------------
---------------------------------------------------------------------------------
Finished RTL Optimization Phase 1 : Time (s): cpu = 00:00:39 ; elapsed = 00:00:42 . Memory (MB): peak = 1654.324 ; gain = 661.094
---------------------------------------------------------------------------------
Netlist sorting complete. Time (s): cpu = 00:00:00 ; elapsed = 00:00:00.162 . Memory (MB): peak = 1654.324 ; gain = 0.000
INFO: [Netlist 29-17] Analyzing 800 Unisim elements for replacement
INFO: [Netlist 29-28] Unisim Transformation completed in 0 CPU seconds
INFO: [Project 1-570] Preparing netlist for logic optimization

Processing XDC Constraints
Initializing timing engine
Parsing XDC File [c:/Users/ethan/Vivado_Projects/basic_i2c/basic_i2c.gen/sources_1/ip/div_gen_1/div_gen_1_ooc.xdc] for cell 'U0'
Finished Parsing XDC File [c:/Users/ethan/Vivado_Projects/basic_i2c/basic_i2c.gen/sources_1/ip/div_gen_1/div_gen_1_ooc.xdc] for cell 'U0'
Parsing XDC File [C:/Users/ethan/Vivado_Projects/basic_i2c/basic_i2c.runs/div_gen_1_synth_1/dont_touch.xdc]
Finished Parsing XDC File [C:/Users/ethan/Vivado_Projects/basic_i2c/basic_i2c.runs/div_gen_1_synth_1/dont_touch.xdc]
Completed Processing XDC Constraints

Netlist sorting complete. Time (s): cpu = 00:00:00 ; elapsed = 00:00:00.008 . Memory (MB): peak = 1682.742 ; gain = 0.000
INFO: [Project 1-111] Unisim Transformation Summary:
No Unisim elements were transformed.

The system cannot find the path specified.
Constraint Validation Runtime : Time (s): cpu = 00:00:00 ; elapsed = 00:00:00.219 . Memory (MB): peak = 1682.875 ; gain = 0.133
INFO: [Designutils 20-5008] Incremental synthesis strategy off
---------------------------------------------------------------------------------
Finished Constraint Validation : Time (s): cpu = 00:01:02 ; elapsed = 00:01:04 . Memory (MB): peak = 1682.875 ; gain = 689.645
---------------------------------------------------------------------------------
---------------------------------------------------------------------------------
Start Loading Part and Timing Information
---------------------------------------------------------------------------------
Loading part: xc7a35tcpg236-1
---------------------------------------------------------------------------------
Finished Loading Part and Timing Information : Time (s): cpu = 00:01:02 ; elapsed = 00:01:04 . Memory (MB): peak = 1682.875 ; gain = 689.645
---------------------------------------------------------------------------------
---------------------------------------------------------------------------------
Start Applying 'set_property' XDC Constraints
---------------------------------------------------------------------------------
Applied set_property KEEP_HIERARCHY = SOFT for U0. (constraint file  C:/Users/ethan/Vivado_Projects/basic_i2c/basic_i2c.runs/div_gen_1_synth_1/dont_touch.xdc, line 9).
---------------------------------------------------------------------------------
Finished applying 'set_property' XDC Constraints : Time (s): cpu = 00:01:02 ; elapsed = 00:01:04 . Memory (MB): peak = 1682.875 ; gain = 689.645
---------------------------------------------------------------------------------
---------------------------------------------------------------------------------
Finished RTL Optimization Phase 2 : Time (s): cpu = 00:01:04 ; elapsed = 00:01:07 . Memory (MB): peak = 1682.875 ; gain = 689.645
---------------------------------------------------------------------------------
---------------------------------------------------------------------------------
Start RTL Component Statistics 
---------------------------------------------------------------------------------
---------------------------------------------------------------------------------
Finished RTL Component Statistics 
---------------------------------------------------------------------------------
---------------------------------------------------------------------------------
Start Part Resource Summary
---------------------------------------------------------------------------------
Part Resources:
DSPs: 90 (col length:60)
BRAMs: 100 (col length: RAMB18 60 RAMB36 30)
---------------------------------------------------------------------------------
Finished Part Resource Summary
---------------------------------------------------------------------------------
---------------------------------------------------------------------------------
Start Cross Boundary and Area Optimization
---------------------------------------------------------------------------------
WARNING: [Synth 8-7080] Parallel synthesis criteria is not met
---------------------------------------------------------------------------------
Finished Cross Boundary and Area Optimization : Time (s): cpu = 00:01:11 ; elapsed = 00:01:14 . Memory (MB): peak = 1682.875 ; gain = 689.645
---------------------------------------------------------------------------------
---------------------------------------------------------------------------------
Start Applying XDC Timing Constraints
---------------------------------------------------------------------------------
---------------------------------------------------------------------------------
Finished Applying XDC Timing Constraints : Time (s): cpu = 00:01:24 ; elapsed = 00:01:28 . Memory (MB): peak = 1682.875 ; gain = 689.645
---------------------------------------------------------------------------------
---------------------------------------------------------------------------------
Start Timing Optimization
---------------------------------------------------------------------------------
---------------------------------------------------------------------------------
Finished Timing Optimization : Time (s): cpu = 00:01:25 ; elapsed = 00:01:29 . Memory (MB): peak = 1682.875 ; gain = 689.645
---------------------------------------------------------------------------------
---------------------------------------------------------------------------------
Start Technology Mapping
---------------------------------------------------------------------------------
---------------------------------------------------------------------------------
Finished Technology Mapping : Time (s): cpu = 00:01:27 ; elapsed = 00:01:30 . Memory (MB): peak = 1682.875 ; gain = 689.645
---------------------------------------------------------------------------------
---------------------------------------------------------------------------------
Start IO Insertion
---------------------------------------------------------------------------------
---------------------------------------------------------------------------------
Start Flattening Before IO Insertion
---------------------------------------------------------------------------------
---------------------------------------------------------------------------------
Finished Flattening Before IO Insertion
---------------------------------------------------------------------------------
---------------------------------------------------------------------------------
Start Final Netlist Cleanup
---------------------------------------------------------------------------------
---------------------------------------------------------------------------------
Finished Final Netlist Cleanup
---------------------------------------------------------------------------------
---------------------------------------------------------------------------------
Finished IO Insertion : Time (s): cpu = 00:01:39 ; elapsed = 00:01:43 . Memory (MB): peak = 1682.875 ; gain = 689.645
---------------------------------------------------------------------------------
---------------------------------------------------------------------------------
Start Renaming Generated Instances
---------------------------------------------------------------------------------
---------------------------------------------------------------------------------
Finished Renaming Generated Instances : Time (s): cpu = 00:01:39 ; elapsed = 00:01:43 . Memory (MB): peak = 1682.875 ; gain = 689.645
---------------------------------------------------------------------------------
---------------------------------------------------------------------------------
Start Rebuilding User Hierarchy
---------------------------------------------------------------------------------
---------------------------------------------------------------------------------
Finished Rebuilding User Hierarchy : Time (s): cpu = 00:01:41 ; elapsed = 00:01:45 . Memory (MB): peak = 1682.875 ; gain = 689.645
---------------------------------------------------------------------------------
---------------------------------------------------------------------------------
Start Renaming Generated Ports
---------------------------------------------------------------------------------
---------------------------------------------------------------------------------
Finished Renaming Generated Ports : Time (s): cpu = 00:01:41 ; elapsed = 00:01:45 . Memory (MB): peak = 1682.875 ; gain = 689.645
---------------------------------------------------------------------------------
---------------------------------------------------------------------------------
Start Handling Custom Attributes
---------------------------------------------------------------------------------
---------------------------------------------------------------------------------
Finished Handling Custom Attributes : Time (s): cpu = 00:01:41 ; elapsed = 00:01:45 . Memory (MB): peak = 1682.875 ; gain = 689.645
---------------------------------------------------------------------------------
---------------------------------------------------------------------------------
Start Renaming Generated Nets
---------------------------------------------------------------------------------
---------------------------------------------------------------------------------
Finished Renaming Generated Nets : Time (s): cpu = 00:01:41 ; elapsed = 00:01:45 . Memory (MB): peak = 1682.875 ; gain = 689.645
---------------------------------------------------------------------------------
---------------------------------------------------------------------------------
Start Writing Synthesis Report
---------------------------------------------------------------------------------

Report BlackBoxes: 
+-+--------------+----------+
| |BlackBox name |Instances |
+-+--------------+----------+
+-+--------------+----------+

Report Cell Usage: 
+------+--------+------+
|      |Cell    |Count |
+------+--------+------+
|1     |CARRY4  |    16|
|2     |LUT1    |    90|
|3     |LUT2    |   120|
|4     |LUT3    |   376|
|5     |LUT4    |     2|
|6     |LUT5    |     3|
|7     |LUT6    |     2|
|8     |MUXCY   |   400|
|9     |SRLC32E |     6|
|10    |XORCY   |   400|
|11    |FDRE    |  2049|
+------+--------+------+
---------------------------------------------------------------------------------
Finished Writing Synthesis Report : Time (s): cpu = 00:01:41 ; elapsed = 00:01:45 . Memory (MB): peak = 1682.875 ; gain = 689.645
---------------------------------------------------------------------------------
Synthesis finished with 0 errors, 0 critical warnings and 15 warnings.
Synthesis Optimization Runtime : Time (s): cpu = 00:00:55 ; elapsed = 00:01:39 . Memory (MB): peak = 1682.875 ; gain = 661.094
Synthesis Optimization Complete : Time (s): cpu = 00:01:41 ; elapsed = 00:01:46 . Memory (MB): peak = 1682.875 ; gain = 689.645
INFO: [Project 1-571] Translating synthesized netlist
Netlist sorting complete. Time (s): cpu = 00:00:00 ; elapsed = 00:00:00.126 . Memory (MB): peak = 1682.875 ; gain = 0.000
INFO: [Netlist 29-17] Analyzing 816 Unisim elements for replacement
INFO: [Netlist 29-28] Unisim Transformation completed in 0 CPU seconds
INFO: [Project 1-570] Preparing netlist for logic optimization
INFO: [Opt 31-138] Pushed 0 inverter(s) to 0 load pin(s).
Netlist sorting complete. Time (s): cpu = 00:00:00 ; elapsed = 00:00:00.009 . Memory (MB): peak = 1682.875 ; gain = 0.000
INFO: [Project 1-111] Unisim Transformation Summary:
  A total of 120 instances were transformed.
  (MUXCY,XORCY) => CARRY4: 120 instances

The system cannot find the path specified.
Synth Design complete | Checksum: 16041db0
INFO: [Common 17-83] Releasing license: Synthesis
22 Infos, 101 Warnings, 0 Critical Warnings and 0 Errors encountered.
synth_design completed successfully
synth_design: Time (s): cpu = 00:01:54 ; elapsed = 00:02:00 . Memory (MB): peak = 1682.875 ; gain = 1078.855
Write ShapeDB Complete: Time (s): cpu = 00:00:00 ; elapsed = 00:00:00.011 . Memory (MB): peak = 1682.875 ; gain = 0.000
INFO: [Common 17-1381] The checkpoint 'C:/Users/ethan/Vivado_Projects/basic_i2c/basic_i2c.runs/div_gen_1_synth_1/div_gen_1.dcp' has been generated.
INFO: [Coretcl 2-1648] Added synthesis output to IP cache for IP div_gen_1, cache-ID = fe69c3bbea5e8b9c
INFO: [Coretcl 2-1174] Renamed 361 cell refs.
Write ShapeDB Complete: Time (s): cpu = 00:00:00 ; elapsed = 00:00:00.017 . Memory (MB): peak = 1682.875 ; gain = 0.000
INFO: [Common 17-1381] The checkpoint 'C:/Users/ethan/Vivado_Projects/basic_i2c/basic_i2c.runs/div_gen_1_synth_1/div_gen_1.dcp' has been generated.
INFO: [runtcl-4] Executing : report_utilization -file div_gen_1_utilization_synth.rpt -pb div_gen_1_utilization_synth.pb
INFO: [Common 17-206] Exiting Vivado at Fri Jul 19 16:51:49 2024...
