INFO: [VRFC 10-2263] Analyzing Verilog file "C:/Users/ethan/Vivado_Projects/basic_i2c/basic_i2c.sim/sim_1/synth/func/xsim/calc_temp_tb_func_synth.v" into library xil_defaultlib
INFO: [VRFC 10-311] analyzing module calc_temp
INFO: [VRFC 10-311] analyzing module clk_wiz_0
INFO: [VRFC 10-311] analyzing module clk_wiz_0_clk_wiz
INFO: [VRFC 10-311] analyzing module decoder_7_seg
INFO: [VRFC 10-311] analyzing module display_7_seg
INFO: [VRFC 10-311] analyzing module div_gen_0
INFO: [VRFC 10-311] analyzing module div_gen_1
INFO: [VRFC 10-311] analyzing module gen_4MHz_from_100MHz
INFO: [VRFC 10-311] analyzing module i2c_master
INFO: [VRFC 10-311] analyzing module top
INFO: [VRFC 10-311] analyzing module div_gen_0_div_gen_v5_1_20
INFO: [VRFC 10-311] analyzing module div_gen_1_div_gen_v5_1_20
INFO: [VRFC 10-311] analyzing module div_gen_0_addsubreg_v
INFO: [VRFC 10-311] analyzing module div_gen_0_addsubreg_v_10
INFO: [VRFC 10-311] analyzing module div_gen_0_addsubreg_v_12
INFO: [VRFC 10-311] analyzing module div_gen_0_addsubreg_v_15
INFO: [VRFC 10-311] analyzing module div_gen_0_addsubreg_v_17
INFO: [VRFC 10-311] analyzing module div_gen_0_addsubreg_v_19
INFO: [VRFC 10-311] analyzing module div_gen_0_addsubreg_v_2
INFO: [VRFC 10-311] analyzing module div_gen_0_addsubreg_v_21
INFO: [VRFC 10-311] analyzing module div_gen_0_addsubreg_v_23
INFO: [VRFC 10-311] analyzing module div_gen_0_addsubreg_v_25
INFO: [VRFC 10-311] analyzing module div_gen_0_addsubreg_v_27
INFO: [VRFC 10-311] analyzing module div_gen_0_addsubreg_v_29
INFO: [VRFC 10-311] analyzing module div_gen_0_addsubreg_v_31
INFO: [VRFC 10-311] analyzing module div_gen_0_addsubreg_v_4
INFO: [VRFC 10-311] analyzing module div_gen_0_addsubreg_v_6
INFO: [VRFC 10-311] analyzing module div_gen_0_addsubreg_v_8
INFO: [VRFC 10-311] analyzing module div_gen_0_addsubreg_v__parameterized0
INFO: [VRFC 10-311] analyzing module div_gen_0_bip_sdivider_synth
INFO: [VRFC 10-311] analyzing module div_gen_0_c_addsub_lut6
INFO: [VRFC 10-311] analyzing module div_gen_0_c_addsub_lut6_100
INFO: [VRFC 10-311] analyzing module div_gen_0_c_addsub_lut6_105
INFO: [VRFC 10-311] analyzing module div_gen_0_c_addsub_lut6_110
INFO: [VRFC 10-311] analyzing module div_gen_0_c_addsub_lut6_40
INFO: [VRFC 10-311] analyzing module div_gen_0_c_addsub_lut6_45
INFO: [VRFC 10-311] analyzing module div_gen_0_c_addsub_lut6_50
INFO: [VRFC 10-311] analyzing module div_gen_0_c_addsub_lut6_55
INFO: [VRFC 10-311] analyzing module div_gen_0_c_addsub_lut6_60
INFO: [VRFC 10-311] analyzing module div_gen_0_c_addsub_lut6_65
INFO: [VRFC 10-311] analyzing module div_gen_0_c_addsub_lut6_70
INFO: [VRFC 10-311] analyzing module div_gen_0_c_addsub_lut6_75
INFO: [VRFC 10-311] analyzing module div_gen_0_c_addsub_lut6_80
INFO: [VRFC 10-311] analyzing module div_gen_0_c_addsub_lut6_85
INFO: [VRFC 10-311] analyzing module div_gen_0_c_addsub_lut6_90
INFO: [VRFC 10-311] analyzing module div_gen_0_c_addsub_lut6_95
INFO: [VRFC 10-311] analyzing module div_gen_0_c_addsub_lut6__parameterized1
INFO: [VRFC 10-311] analyzing module div_gen_0_c_addsub_viv
INFO: [VRFC 10-311] analyzing module div_gen_0_c_addsub_viv_104
INFO: [VRFC 10-311] analyzing module div_gen_0_c_addsub_viv_109
INFO: [VRFC 10-311] analyzing module div_gen_0_c_addsub_viv_39
INFO: [VRFC 10-311] analyzing module div_gen_0_c_addsub_viv_44
INFO: [VRFC 10-311] analyzing module div_gen_0_c_addsub_viv_49
INFO: [VRFC 10-311] analyzing module div_gen_0_c_addsub_viv_54
INFO: [VRFC 10-311] analyzing module div_gen_0_c_addsub_viv_59
INFO: [VRFC 10-311] analyzing module div_gen_0_c_addsub_viv_64
INFO: [VRFC 10-311] analyzing module div_gen_0_c_addsub_viv_69
INFO: [VRFC 10-311] analyzing module div_gen_0_c_addsub_viv_74
INFO: [VRFC 10-311] analyzing module div_gen_0_c_addsub_viv_79
INFO: [VRFC 10-311] analyzing module div_gen_0_c_addsub_viv_84
INFO: [VRFC 10-311] analyzing module div_gen_0_c_addsub_viv_89
INFO: [VRFC 10-311] analyzing module div_gen_0_c_addsub_viv_94
INFO: [VRFC 10-311] analyzing module div_gen_0_c_addsub_viv_99
INFO: [VRFC 10-311] analyzing module div_gen_0_c_addsub_viv__parameterized0
INFO: [VRFC 10-311] analyzing module div_gen_0_c_twos_comp_viv
INFO: [VRFC 10-311] analyzing module div_gen_0_c_twos_comp_viv__parameterized0
INFO: [VRFC 10-311] analyzing module div_gen_0_c_twos_comp_viv__parameterized1
INFO: [VRFC 10-311] analyzing module div_gen_0_c_twos_comp_viv__parameterized1_1
INFO: [VRFC 10-311] analyzing module div_gen_0_cmp2s_v
INFO: [VRFC 10-311] analyzing module div_gen_0_cmp2s_v__parameterized0
INFO: [VRFC 10-311] analyzing module div_gen_0_cmp2s_v__parameterized1
INFO: [VRFC 10-311] analyzing module div_gen_0_cmp2s_v__parameterized1_0
INFO: [VRFC 10-311] analyzing module div_gen_0_div_gen_synth
INFO: [VRFC 10-311] analyzing module div_gen_0_div_gen_v5_1_20_viv
INFO: [VRFC 10-311] analyzing module div_gen_0_dividervdc_v
INFO: [VRFC 10-311] analyzing module div_gen_0_xbip_pipe_v3_0_7_viv
INFO: [VRFC 10-311] analyzing module div_gen_0_xbip_pipe_v3_0_7_viv__parameterized1
INFO: [VRFC 10-311] analyzing module div_gen_0_xbip_pipe_v3_0_7_viv__parameterized11
INFO: [VRFC 10-311] analyzing module div_gen_0_xbip_pipe_v3_0_7_viv__parameterized13
INFO: [VRFC 10-311] analyzing module div_gen_0_xbip_pipe_v3_0_7_viv__parameterized15
INFO: [VRFC 10-311] analyzing module div_gen_0_xbip_pipe_v3_0_7_viv__parameterized17
INFO: [VRFC 10-311] analyzing module div_gen_0_xbip_pipe_v3_0_7_viv__parameterized19
INFO: [VRFC 10-311] analyzing module div_gen_0_xbip_pipe_v3_0_7_viv__parameterized21
INFO: [VRFC 10-311] analyzing module div_gen_0_xbip_pipe_v3_0_7_viv__parameterized23
INFO: [VRFC 10-311] analyzing module div_gen_0_xbip_pipe_v3_0_7_viv__parameterized25
INFO: [VRFC 10-311] analyzing module div_gen_0_xbip_pipe_v3_0_7_viv__parameterized27
INFO: [VRFC 10-311] analyzing module div_gen_0_xbip_pipe_v3_0_7_viv__parameterized29
INFO: [VRFC 10-311] analyzing module div_gen_0_xbip_pipe_v3_0_7_viv__parameterized3
INFO: [VRFC 10-311] analyzing module div_gen_0_xbip_pipe_v3_0_7_viv__parameterized31
INFO: [VRFC 10-311] analyzing module div_gen_0_xbip_pipe_v3_0_7_viv__parameterized33
INFO: [VRFC 10-311] analyzing module div_gen_0_xbip_pipe_v3_0_7_viv__parameterized35
INFO: [VRFC 10-311] analyzing module div_gen_0_xbip_pipe_v3_0_7_viv__parameterized37
INFO: [VRFC 10-311] analyzing module div_gen_0_xbip_pipe_v3_0_7_viv__parameterized39
INFO: [VRFC 10-311] analyzing module div_gen_0_xbip_pipe_v3_0_7_viv__parameterized3_34
INFO: [VRFC 10-311] analyzing module div_gen_0_xbip_pipe_v3_0_7_viv__parameterized41
INFO: [VRFC 10-311] analyzing module div_gen_0_xbip_pipe_v3_0_7_viv__parameterized43
INFO: [VRFC 10-311] analyzing module div_gen_0_xbip_pipe_v3_0_7_viv__parameterized45
INFO: [VRFC 10-311] analyzing module div_gen_0_xbip_pipe_v3_0_7_viv__parameterized47
INFO: [VRFC 10-311] analyzing module div_gen_0_xbip_pipe_v3_0_7_viv__parameterized49
INFO: [VRFC 10-311] analyzing module div_gen_0_xbip_pipe_v3_0_7_viv__parameterized5
INFO: [VRFC 10-311] analyzing module div_gen_0_xbip_pipe_v3_0_7_viv__parameterized51
INFO: [VRFC 10-311] analyzing module div_gen_0_xbip_pipe_v3_0_7_viv__parameterized53
INFO: [VRFC 10-311] analyzing module div_gen_0_xbip_pipe_v3_0_7_viv__parameterized55
INFO: [VRFC 10-311] analyzing module div_gen_0_xbip_pipe_v3_0_7_viv__parameterized57
INFO: [VRFC 10-311] analyzing module div_gen_0_xbip_pipe_v3_0_7_viv__parameterized59
INFO: [VRFC 10-311] analyzing module div_gen_0_xbip_pipe_v3_0_7_viv__parameterized5_11
INFO: [VRFC 10-311] analyzing module div_gen_0_xbip_pipe_v3_0_7_viv__parameterized5_13
INFO: [VRFC 10-311] analyzing module div_gen_0_xbip_pipe_v3_0_7_viv__parameterized5_16
INFO: [VRFC 10-311] analyzing module div_gen_0_xbip_pipe_v3_0_7_viv__parameterized5_18
INFO: [VRFC 10-311] analyzing module div_gen_0_xbip_pipe_v3_0_7_viv__parameterized5_20
INFO: [VRFC 10-311] analyzing module div_gen_0_xbip_pipe_v3_0_7_viv__parameterized5_22
INFO: [VRFC 10-311] analyzing module div_gen_0_xbip_pipe_v3_0_7_viv__parameterized5_24
INFO: [VRFC 10-311] analyzing module div_gen_0_xbip_pipe_v3_0_7_viv__parameterized5_26
INFO: [VRFC 10-311] analyzing module div_gen_0_xbip_pipe_v3_0_7_viv__parameterized5_28
INFO: [VRFC 10-311] analyzing module div_gen_0_xbip_pipe_v3_0_7_viv__parameterized5_3
INFO: [VRFC 10-311] analyzing module div_gen_0_xbip_pipe_v3_0_7_viv__parameterized5_30
INFO: [VRFC 10-311] analyzing module div_gen_0_xbip_pipe_v3_0_7_viv__parameterized5_32
INFO: [VRFC 10-311] analyzing module div_gen_0_xbip_pipe_v3_0_7_viv__parameterized5_33
INFO: [VRFC 10-311] analyzing module div_gen_0_xbip_pipe_v3_0_7_viv__parameterized5_5
INFO: [VRFC 10-311] analyzing module div_gen_0_xbip_pipe_v3_0_7_viv__parameterized5_7
INFO: [VRFC 10-311] analyzing module div_gen_0_xbip_pipe_v3_0_7_viv__parameterized5_9
INFO: [VRFC 10-311] analyzing module div_gen_0_xbip_pipe_v3_0_7_viv__parameterized61
INFO: [VRFC 10-311] analyzing module div_gen_0_xbip_pipe_v3_0_7_viv__parameterized63
INFO: [VRFC 10-311] analyzing module div_gen_0_xbip_pipe_v3_0_7_viv__parameterized65
INFO: [VRFC 10-311] analyzing module div_gen_0_xbip_pipe_v3_0_7_viv__parameterized68
INFO: [VRFC 10-311] analyzing module div_gen_0_xbip_pipe_v3_0_7_viv__parameterized7
INFO: [VRFC 10-311] analyzing module div_gen_0_xbip_pipe_v3_0_7_viv__parameterized70
INFO: [VRFC 10-311] analyzing module div_gen_0_xbip_pipe_v3_0_7_viv__parameterized7_101
INFO: [VRFC 10-311] analyzing module div_gen_0_xbip_pipe_v3_0_7_viv__parameterized7_103
INFO: [VRFC 10-311] analyzing module div_gen_0_xbip_pipe_v3_0_7_viv__parameterized7_106
INFO: [VRFC 10-311] analyzing module div_gen_0_xbip_pipe_v3_0_7_viv__parameterized7_108
INFO: [VRFC 10-311] analyzing module div_gen_0_xbip_pipe_v3_0_7_viv__parameterized7_111
INFO: [VRFC 10-311] analyzing module div_gen_0_xbip_pipe_v3_0_7_viv__parameterized7_113
INFO: [VRFC 10-311] analyzing module div_gen_0_xbip_pipe_v3_0_7_viv__parameterized7_14
INFO: [VRFC 10-311] analyzing module div_gen_0_xbip_pipe_v3_0_7_viv__parameterized7_35
INFO: [VRFC 10-311] analyzing module div_gen_0_xbip_pipe_v3_0_7_viv__parameterized7_36
INFO: [VRFC 10-311] analyzing module div_gen_0_xbip_pipe_v3_0_7_viv__parameterized7_37
INFO: [VRFC 10-311] analyzing module div_gen_0_xbip_pipe_v3_0_7_viv__parameterized7_38
INFO: [VRFC 10-311] analyzing module div_gen_0_xbip_pipe_v3_0_7_viv__parameterized7_41
INFO: [VRFC 10-311] analyzing module div_gen_0_xbip_pipe_v3_0_7_viv__parameterized7_43
INFO: [VRFC 10-311] analyzing module div_gen_0_xbip_pipe_v3_0_7_viv__parameterized7_46
INFO: [VRFC 10-311] analyzing module div_gen_0_xbip_pipe_v3_0_7_viv__parameterized7_48
INFO: [VRFC 10-311] analyzing module div_gen_0_xbip_pipe_v3_0_7_viv__parameterized7_51
INFO: [VRFC 10-311] analyzing module div_gen_0_xbip_pipe_v3_0_7_viv__parameterized7_53
INFO: [VRFC 10-311] analyzing module div_gen_0_xbip_pipe_v3_0_7_viv__parameterized7_56
INFO: [VRFC 10-311] analyzing module div_gen_0_xbip_pipe_v3_0_7_viv__parameterized7_58
INFO: [VRFC 10-311] analyzing module div_gen_0_xbip_pipe_v3_0_7_viv__parameterized7_61
INFO: [VRFC 10-311] analyzing module div_gen_0_xbip_pipe_v3_0_7_viv__parameterized7_63
INFO: [VRFC 10-311] analyzing module div_gen_0_xbip_pipe_v3_0_7_viv__parameterized7_66
INFO: [VRFC 10-311] analyzing module div_gen_0_xbip_pipe_v3_0_7_viv__parameterized7_68
INFO: [VRFC 10-311] analyzing module div_gen_0_xbip_pipe_v3_0_7_viv__parameterized7_71
INFO: [VRFC 10-311] analyzing module div_gen_0_xbip_pipe_v3_0_7_viv__parameterized7_73
INFO: [VRFC 10-311] analyzing module div_gen_0_xbip_pipe_v3_0_7_viv__parameterized7_76
INFO: [VRFC 10-311] analyzing module div_gen_0_xbip_pipe_v3_0_7_viv__parameterized7_78
INFO: [VRFC 10-311] analyzing module div_gen_0_xbip_pipe_v3_0_7_viv__parameterized7_81
INFO: [VRFC 10-311] analyzing module div_gen_0_xbip_pipe_v3_0_7_viv__parameterized7_83
INFO: [VRFC 10-311] analyzing module div_gen_0_xbip_pipe_v3_0_7_viv__parameterized7_86
INFO: [VRFC 10-311] analyzing module div_gen_0_xbip_pipe_v3_0_7_viv__parameterized7_88
INFO: [VRFC 10-311] analyzing module div_gen_0_xbip_pipe_v3_0_7_viv__parameterized7_91
INFO: [VRFC 10-311] analyzing module div_gen_0_xbip_pipe_v3_0_7_viv__parameterized7_93
INFO: [VRFC 10-311] analyzing module div_gen_0_xbip_pipe_v3_0_7_viv__parameterized7_96
INFO: [VRFC 10-311] analyzing module div_gen_0_xbip_pipe_v3_0_7_viv__parameterized7_98
INFO: [VRFC 10-311] analyzing module div_gen_0_xbip_pipe_v3_0_7_viv__parameterized9
INFO: [VRFC 10-311] analyzing module div_gen_0_xbip_pipe_v3_0_7_viv__parameterized9_102
INFO: [VRFC 10-311] analyzing module div_gen_0_xbip_pipe_v3_0_7_viv__parameterized9_107
INFO: [VRFC 10-311] analyzing module div_gen_0_xbip_pipe_v3_0_7_viv__parameterized9_112
INFO: [VRFC 10-311] analyzing module div_gen_0_xbip_pipe_v3_0_7_viv__parameterized9_42
INFO: [VRFC 10-311] analyzing module div_gen_0_xbip_pipe_v3_0_7_viv__parameterized9_47
INFO: [VRFC 10-311] analyzing module div_gen_0_xbip_pipe_v3_0_7_viv__parameterized9_52
INFO: [VRFC 10-311] analyzing module div_gen_0_xbip_pipe_v3_0_7_viv__parameterized9_57
INFO: [VRFC 10-311] analyzing module div_gen_0_xbip_pipe_v3_0_7_viv__parameterized9_62
INFO: [VRFC 10-311] analyzing module div_gen_0_xbip_pipe_v3_0_7_viv__parameterized9_67
INFO: [VRFC 10-311] analyzing module div_gen_0_xbip_pipe_v3_0_7_viv__parameterized9_72
INFO: [VRFC 10-311] analyzing module div_gen_0_xbip_pipe_v3_0_7_viv__parameterized9_77
INFO: [VRFC 10-311] analyzing module div_gen_0_xbip_pipe_v3_0_7_viv__parameterized9_82
INFO: [VRFC 10-311] analyzing module div_gen_0_xbip_pipe_v3_0_7_viv__parameterized9_87
INFO: [VRFC 10-311] analyzing module div_gen_0_xbip_pipe_v3_0_7_viv__parameterized9_92
INFO: [VRFC 10-311] analyzing module div_gen_0_xbip_pipe_v3_0_7_viv__parameterized9_97
INFO: [VRFC 10-311] analyzing module div_gen_1_addsubreg_v
INFO: [VRFC 10-311] analyzing module div_gen_1_addsubreg_v_1
INFO: [VRFC 10-311] analyzing module div_gen_1_addsubreg_v_11
INFO: [VRFC 10-311] analyzing module div_gen_1_addsubreg_v_14
INFO: [VRFC 10-311] analyzing module div_gen_1_addsubreg_v_16
INFO: [VRFC 10-311] analyzing module div_gen_1_addsubreg_v_18
INFO: [VRFC 10-311] analyzing module div_gen_1_addsubreg_v_20
INFO: [VRFC 10-311] analyzing module div_gen_1_addsubreg_v_22
INFO: [VRFC 10-311] analyzing module div_gen_1_addsubreg_v_24
INFO: [VRFC 10-311] analyzing module div_gen_1_addsubreg_v_26
INFO: [VRFC 10-311] analyzing module div_gen_1_addsubreg_v_28
INFO: [VRFC 10-311] analyzing module div_gen_1_addsubreg_v_3
INFO: [VRFC 10-311] analyzing module div_gen_1_addsubreg_v_30
INFO: [VRFC 10-311] analyzing module div_gen_1_addsubreg_v_32
INFO: [VRFC 10-311] analyzing module div_gen_1_addsubreg_v_34
INFO: [VRFC 10-311] analyzing module div_gen_1_addsubreg_v_36
INFO: [VRFC 10-311] analyzing module div_gen_1_addsubreg_v_38
INFO: [VRFC 10-311] analyzing module div_gen_1_addsubreg_v_40
INFO: [VRFC 10-311] analyzing module div_gen_1_addsubreg_v_42
INFO: [VRFC 10-311] analyzing module div_gen_1_addsubreg_v_44
INFO: [VRFC 10-311] analyzing module div_gen_1_addsubreg_v_46
INFO: [VRFC 10-311] analyzing module div_gen_1_addsubreg_v_48
INFO: [VRFC 10-311] analyzing module div_gen_1_addsubreg_v_5
INFO: [VRFC 10-311] analyzing module div_gen_1_addsubreg_v_50
INFO: [VRFC 10-311] analyzing module div_gen_1_addsubreg_v_52
INFO: [VRFC 10-311] analyzing module div_gen_1_addsubreg_v_54
INFO: [VRFC 10-311] analyzing module div_gen_1_addsubreg_v_56
INFO: [VRFC 10-311] analyzing module div_gen_1_addsubreg_v_58
INFO: [VRFC 10-311] analyzing module div_gen_1_addsubreg_v_60
INFO: [VRFC 10-311] analyzing module div_gen_1_addsubreg_v_62
INFO: [VRFC 10-311] analyzing module div_gen_1_addsubreg_v_7
INFO: [VRFC 10-311] analyzing module div_gen_1_addsubreg_v_9
INFO: [VRFC 10-311] analyzing module div_gen_1_bip_sdivider_synth
INFO: [VRFC 10-311] analyzing module div_gen_1_c_addsub_lut6
INFO: [VRFC 10-311] analyzing module div_gen_1_c_addsub_lut6_104
INFO: [VRFC 10-311] analyzing module div_gen_1_c_addsub_lut6_109
INFO: [VRFC 10-311] analyzing module div_gen_1_c_addsub_lut6_114
INFO: [VRFC 10-311] analyzing module div_gen_1_c_addsub_lut6_119
INFO: [VRFC 10-311] analyzing module div_gen_1_c_addsub_lut6_124
INFO: [VRFC 10-311] analyzing module div_gen_1_c_addsub_lut6_129
INFO: [VRFC 10-311] analyzing module div_gen_1_c_addsub_lut6_134
INFO: [VRFC 10-311] analyzing module div_gen_1_c_addsub_lut6_139
INFO: [VRFC 10-311] analyzing module div_gen_1_c_addsub_lut6_144
INFO: [VRFC 10-311] analyzing module div_gen_1_c_addsub_lut6_149
INFO: [VRFC 10-311] analyzing module div_gen_1_c_addsub_lut6_154
INFO: [VRFC 10-311] analyzing module div_gen_1_c_addsub_lut6_159
INFO: [VRFC 10-311] analyzing module div_gen_1_c_addsub_lut6_164
INFO: [VRFC 10-311] analyzing module div_gen_1_c_addsub_lut6_169
INFO: [VRFC 10-311] analyzing module div_gen_1_c_addsub_lut6_174
INFO: [VRFC 10-311] analyzing module div_gen_1_c_addsub_lut6_179
INFO: [VRFC 10-311] analyzing module div_gen_1_c_addsub_lut6_184
INFO: [VRFC 10-311] analyzing module div_gen_1_c_addsub_lut6_189
INFO: [VRFC 10-311] analyzing module div_gen_1_c_addsub_lut6_194
INFO: [VRFC 10-311] analyzing module div_gen_1_c_addsub_lut6_199
INFO: [VRFC 10-311] analyzing module div_gen_1_c_addsub_lut6_204
INFO: [VRFC 10-311] analyzing module div_gen_1_c_addsub_lut6_209
INFO: [VRFC 10-311] analyzing module div_gen_1_c_addsub_lut6_214
INFO: [VRFC 10-311] analyzing module div_gen_1_c_addsub_lut6_219
INFO: [VRFC 10-311] analyzing module div_gen_1_c_addsub_lut6_69
INFO: [VRFC 10-311] analyzing module div_gen_1_c_addsub_lut6_74
INFO: [VRFC 10-311] analyzing module div_gen_1_c_addsub_lut6_79
INFO: [VRFC 10-311] analyzing module div_gen_1_c_addsub_lut6_84
INFO: [VRFC 10-311] analyzing module div_gen_1_c_addsub_lut6_89
INFO: [VRFC 10-311] analyzing module div_gen_1_c_addsub_lut6_94
INFO: [VRFC 10-311] analyzing module div_gen_1_c_addsub_lut6_99
INFO: [VRFC 10-311] analyzing module div_gen_1_c_addsub_viv
INFO: [VRFC 10-311] analyzing module div_gen_1_c_addsub_viv_103
INFO: [VRFC 10-311] analyzing module div_gen_1_c_addsub_viv_108
INFO: [VRFC 10-311] analyzing module div_gen_1_c_addsub_viv_113
INFO: [VRFC 10-311] analyzing module div_gen_1_c_addsub_viv_118
INFO: [VRFC 10-311] analyzing module div_gen_1_c_addsub_viv_123
INFO: [VRFC 10-311] analyzing module div_gen_1_c_addsub_viv_128
INFO: [VRFC 10-311] analyzing module div_gen_1_c_addsub_viv_133
INFO: [VRFC 10-311] analyzing module div_gen_1_c_addsub_viv_138
INFO: [VRFC 10-311] analyzing module div_gen_1_c_addsub_viv_143
INFO: [VRFC 10-311] analyzing module div_gen_1_c_addsub_viv_148
INFO: [VRFC 10-311] analyzing module div_gen_1_c_addsub_viv_153
INFO: [VRFC 10-311] analyzing module div_gen_1_c_addsub_viv_158
INFO: [VRFC 10-311] analyzing module div_gen_1_c_addsub_viv_163
INFO: [VRFC 10-311] analyzing module div_gen_1_c_addsub_viv_168
INFO: [VRFC 10-311] analyzing module div_gen_1_c_addsub_viv_173
INFO: [VRFC 10-311] analyzing module div_gen_1_c_addsub_viv_178
INFO: [VRFC 10-311] analyzing module div_gen_1_c_addsub_viv_183
INFO: [VRFC 10-311] analyzing module div_gen_1_c_addsub_viv_188
INFO: [VRFC 10-311] analyzing module div_gen_1_c_addsub_viv_193
INFO: [VRFC 10-311] analyzing module div_gen_1_c_addsub_viv_198
INFO: [VRFC 10-311] analyzing module div_gen_1_c_addsub_viv_203
INFO: [VRFC 10-311] analyzing module div_gen_1_c_addsub_viv_208
INFO: [VRFC 10-311] analyzing module div_gen_1_c_addsub_viv_213
INFO: [VRFC 10-311] analyzing module div_gen_1_c_addsub_viv_218
INFO: [VRFC 10-311] analyzing module div_gen_1_c_addsub_viv_68
INFO: [VRFC 10-311] analyzing module div_gen_1_c_addsub_viv_73
INFO: [VRFC 10-311] analyzing module div_gen_1_c_addsub_viv_78
INFO: [VRFC 10-311] analyzing module div_gen_1_c_addsub_viv_83
INFO: [VRFC 10-311] analyzing module div_gen_1_c_addsub_viv_88
INFO: [VRFC 10-311] analyzing module div_gen_1_c_addsub_viv_93
INFO: [VRFC 10-311] analyzing module div_gen_1_c_addsub_viv_98
INFO: [VRFC 10-311] analyzing module div_gen_1_c_twos_comp_viv
INFO: [VRFC 10-311] analyzing module div_gen_1_c_twos_comp_viv_0
INFO: [VRFC 10-311] analyzing module div_gen_1_c_twos_comp_viv__parameterized0
INFO: [VRFC 10-311] analyzing module div_gen_1_c_twos_comp_viv__parameterized1
INFO: [VRFC 10-311] analyzing module div_gen_1_cmp2s_v
INFO: [VRFC 10-311] analyzing module div_gen_1_cmp2s_v__parameterized0
INFO: [VRFC 10-311] analyzing module div_gen_1_cmp2s_v__parameterized1
INFO: [VRFC 10-311] analyzing module div_gen_1_cmp2s_v__parameterized2
INFO: [VRFC 10-311] analyzing module div_gen_1_div_gen_synth
INFO: [VRFC 10-311] analyzing module div_gen_1_div_gen_v5_1_20_viv
INFO: [VRFC 10-311] analyzing module div_gen_1_dividervdc_v
INFO: [VRFC 10-311] analyzing module div_gen_1_xbip_pipe_v3_0_7_viv
INFO: [VRFC 10-311] analyzing module div_gen_1_xbip_pipe_v3_0_7_viv__parameterized1
INFO: [VRFC 10-311] analyzing module div_gen_1_xbip_pipe_v3_0_7_viv__parameterized101
INFO: [VRFC 10-311] analyzing module div_gen_1_xbip_pipe_v3_0_7_viv__parameterized11
INFO: [VRFC 10-311] analyzing module div_gen_1_xbip_pipe_v3_0_7_viv__parameterized13
INFO: [VRFC 10-311] analyzing module div_gen_1_xbip_pipe_v3_0_7_viv__parameterized15
INFO: [VRFC 10-311] analyzing module div_gen_1_xbip_pipe_v3_0_7_viv__parameterized17
INFO: [VRFC 10-311] analyzing module div_gen_1_xbip_pipe_v3_0_7_viv__parameterized19
INFO: [VRFC 10-311] analyzing module div_gen_1_xbip_pipe_v3_0_7_viv__parameterized21
INFO: [VRFC 10-311] analyzing module div_gen_1_xbip_pipe_v3_0_7_viv__parameterized23
INFO: [VRFC 10-311] analyzing module div_gen_1_xbip_pipe_v3_0_7_viv__parameterized25
INFO: [VRFC 10-311] analyzing module div_gen_1_xbip_pipe_v3_0_7_viv__parameterized27
INFO: [VRFC 10-311] analyzing module div_gen_1_xbip_pipe_v3_0_7_viv__parameterized29
INFO: [VRFC 10-311] analyzing module div_gen_1_xbip_pipe_v3_0_7_viv__parameterized3
INFO: [VRFC 10-311] analyzing module div_gen_1_xbip_pipe_v3_0_7_viv__parameterized31
INFO: [VRFC 10-311] analyzing module div_gen_1_xbip_pipe_v3_0_7_viv__parameterized33
INFO: [VRFC 10-311] analyzing module div_gen_1_xbip_pipe_v3_0_7_viv__parameterized35
INFO: [VRFC 10-311] analyzing module div_gen_1_xbip_pipe_v3_0_7_viv__parameterized37
INFO: [VRFC 10-311] analyzing module div_gen_1_xbip_pipe_v3_0_7_viv__parameterized39
INFO: [VRFC 10-311] analyzing module div_gen_1_xbip_pipe_v3_0_7_viv__parameterized41
INFO: [VRFC 10-311] analyzing module div_gen_1_xbip_pipe_v3_0_7_viv__parameterized43
INFO: [VRFC 10-311] analyzing module div_gen_1_xbip_pipe_v3_0_7_viv__parameterized45
INFO: [VRFC 10-311] analyzing module div_gen_1_xbip_pipe_v3_0_7_viv__parameterized47
INFO: [VRFC 10-311] analyzing module div_gen_1_xbip_pipe_v3_0_7_viv__parameterized49
INFO: [VRFC 10-311] analyzing module div_gen_1_xbip_pipe_v3_0_7_viv__parameterized5
INFO: [VRFC 10-311] analyzing module div_gen_1_xbip_pipe_v3_0_7_viv__parameterized51
INFO: [VRFC 10-311] analyzing module div_gen_1_xbip_pipe_v3_0_7_viv__parameterized53
INFO: [VRFC 10-311] analyzing module div_gen_1_xbip_pipe_v3_0_7_viv__parameterized55
INFO: [VRFC 10-311] analyzing module div_gen_1_xbip_pipe_v3_0_7_viv__parameterized57
INFO: [VRFC 10-311] analyzing module div_gen_1_xbip_pipe_v3_0_7_viv__parameterized59
INFO: [VRFC 10-311] analyzing module div_gen_1_xbip_pipe_v3_0_7_viv__parameterized5_10
INFO: [VRFC 10-311] analyzing module div_gen_1_xbip_pipe_v3_0_7_viv__parameterized5_12
INFO: [VRFC 10-311] analyzing module div_gen_1_xbip_pipe_v3_0_7_viv__parameterized5_15
INFO: [VRFC 10-311] analyzing module div_gen_1_xbip_pipe_v3_0_7_viv__parameterized5_17
INFO: [VRFC 10-311] analyzing module div_gen_1_xbip_pipe_v3_0_7_viv__parameterized5_19
INFO: [VRFC 10-311] analyzing module div_gen_1_xbip_pipe_v3_0_7_viv__parameterized5_2
INFO: [VRFC 10-311] analyzing module div_gen_1_xbip_pipe_v3_0_7_viv__parameterized5_21
INFO: [VRFC 10-311] analyzing module div_gen_1_xbip_pipe_v3_0_7_viv__parameterized5_23
INFO: [VRFC 10-311] analyzing module div_gen_1_xbip_pipe_v3_0_7_viv__parameterized5_25
INFO: [VRFC 10-311] analyzing module div_gen_1_xbip_pipe_v3_0_7_viv__parameterized5_27
INFO: [VRFC 10-311] analyzing module div_gen_1_xbip_pipe_v3_0_7_viv__parameterized5_29
INFO: [VRFC 10-311] analyzing module div_gen_1_xbip_pipe_v3_0_7_viv__parameterized5_31
INFO: [VRFC 10-311] analyzing module div_gen_1_xbip_pipe_v3_0_7_viv__parameterized5_33
INFO: [VRFC 10-311] analyzing module div_gen_1_xbip_pipe_v3_0_7_viv__parameterized5_35
INFO: [VRFC 10-311] analyzing module div_gen_1_xbip_pipe_v3_0_7_viv__parameterized5_37
INFO: [VRFC 10-311] analyzing module div_gen_1_xbip_pipe_v3_0_7_viv__parameterized5_39
INFO: [VRFC 10-311] analyzing module div_gen_1_xbip_pipe_v3_0_7_viv__parameterized5_4
INFO: [VRFC 10-311] analyzing module div_gen_1_xbip_pipe_v3_0_7_viv__parameterized5_41
INFO: [VRFC 10-311] analyzing module div_gen_1_xbip_pipe_v3_0_7_viv__parameterized5_43
INFO: [VRFC 10-311] analyzing module div_gen_1_xbip_pipe_v3_0_7_viv__parameterized5_45
INFO: [VRFC 10-311] analyzing module div_gen_1_xbip_pipe_v3_0_7_viv__parameterized5_47
INFO: [VRFC 10-311] analyzing module div_gen_1_xbip_pipe_v3_0_7_viv__parameterized5_49
INFO: [VRFC 10-311] analyzing module div_gen_1_xbip_pipe_v3_0_7_viv__parameterized5_51
INFO: [VRFC 10-311] analyzing module div_gen_1_xbip_pipe_v3_0_7_viv__parameterized5_53
INFO: [VRFC 10-311] analyzing module div_gen_1_xbip_pipe_v3_0_7_viv__parameterized5_55
INFO: [VRFC 10-311] analyzing module div_gen_1_xbip_pipe_v3_0_7_viv__parameterized5_57
INFO: [VRFC 10-311] analyzing module div_gen_1_xbip_pipe_v3_0_7_viv__parameterized5_59
INFO: [VRFC 10-311] analyzing module div_gen_1_xbip_pipe_v3_0_7_viv__parameterized5_6
INFO: [VRFC 10-311] analyzing module div_gen_1_xbip_pipe_v3_0_7_viv__parameterized5_61
INFO: [VRFC 10-311] analyzing module div_gen_1_xbip_pipe_v3_0_7_viv__parameterized5_63
INFO: [VRFC 10-311] analyzing module div_gen_1_xbip_pipe_v3_0_7_viv__parameterized5_64
INFO: [VRFC 10-311] analyzing module div_gen_1_xbip_pipe_v3_0_7_viv__parameterized5_8
INFO: [VRFC 10-311] analyzing module div_gen_1_xbip_pipe_v3_0_7_viv__parameterized61
INFO: [VRFC 10-311] analyzing module div_gen_1_xbip_pipe_v3_0_7_viv__parameterized63
INFO: [VRFC 10-311] analyzing module div_gen_1_xbip_pipe_v3_0_7_viv__parameterized65
INFO: [VRFC 10-311] analyzing module div_gen_1_xbip_pipe_v3_0_7_viv__parameterized68
INFO: [VRFC 10-311] analyzing module div_gen_1_xbip_pipe_v3_0_7_viv__parameterized7
INFO: [VRFC 10-311] analyzing module div_gen_1_xbip_pipe_v3_0_7_viv__parameterized70
INFO: [VRFC 10-311] analyzing module div_gen_1_xbip_pipe_v3_0_7_viv__parameterized73
INFO: [VRFC 10-311] analyzing module div_gen_1_xbip_pipe_v3_0_7_viv__parameterized75
INFO: [VRFC 10-311] analyzing module div_gen_1_xbip_pipe_v3_0_7_viv__parameterized77
INFO: [VRFC 10-311] analyzing module div_gen_1_xbip_pipe_v3_0_7_viv__parameterized79
INFO: [VRFC 10-311] analyzing module div_gen_1_xbip_pipe_v3_0_7_viv__parameterized7_100
INFO: [VRFC 10-311] analyzing module div_gen_1_xbip_pipe_v3_0_7_viv__parameterized7_102
INFO: [VRFC 10-311] analyzing module div_gen_1_xbip_pipe_v3_0_7_viv__parameterized7_105
INFO: [VRFC 10-311] analyzing module div_gen_1_xbip_pipe_v3_0_7_viv__parameterized7_107
INFO: [VRFC 10-311] analyzing module div_gen_1_xbip_pipe_v3_0_7_viv__parameterized7_110
INFO: [VRFC 10-311] analyzing module div_gen_1_xbip_pipe_v3_0_7_viv__parameterized7_112
INFO: [VRFC 10-311] analyzing module div_gen_1_xbip_pipe_v3_0_7_viv__parameterized7_115
INFO: [VRFC 10-311] analyzing module div_gen_1_xbip_pipe_v3_0_7_viv__parameterized7_117
INFO: [VRFC 10-311] analyzing module div_gen_1_xbip_pipe_v3_0_7_viv__parameterized7_120
INFO: [VRFC 10-311] analyzing module div_gen_1_xbip_pipe_v3_0_7_viv__parameterized7_122
INFO: [VRFC 10-311] analyzing module div_gen_1_xbip_pipe_v3_0_7_viv__parameterized7_125
INFO: [VRFC 10-311] analyzing module div_gen_1_xbip_pipe_v3_0_7_viv__parameterized7_127
INFO: [VRFC 10-311] analyzing module div_gen_1_xbip_pipe_v3_0_7_viv__parameterized7_13
INFO: [VRFC 10-311] analyzing module div_gen_1_xbip_pipe_v3_0_7_viv__parameterized7_130
INFO: [VRFC 10-311] analyzing module div_gen_1_xbip_pipe_v3_0_7_viv__parameterized7_132
INFO: [VRFC 10-311] analyzing module div_gen_1_xbip_pipe_v3_0_7_viv__parameterized7_135
INFO: [VRFC 10-311] analyzing module div_gen_1_xbip_pipe_v3_0_7_viv__parameterized7_137
INFO: [VRFC 10-311] analyzing module div_gen_1_xbip_pipe_v3_0_7_viv__parameterized7_140
INFO: [VRFC 10-311] analyzing module div_gen_1_xbip_pipe_v3_0_7_viv__parameterized7_142
INFO: [VRFC 10-311] analyzing module div_gen_1_xbip_pipe_v3_0_7_viv__parameterized7_145
INFO: [VRFC 10-311] analyzing module div_gen_1_xbip_pipe_v3_0_7_viv__parameterized7_147
INFO: [VRFC 10-311] analyzing module div_gen_1_xbip_pipe_v3_0_7_viv__parameterized7_150
INFO: [VRFC 10-311] analyzing module div_gen_1_xbip_pipe_v3_0_7_viv__parameterized7_152
INFO: [VRFC 10-311] analyzing module div_gen_1_xbip_pipe_v3_0_7_viv__parameterized7_155
INFO: [VRFC 10-311] analyzing module div_gen_1_xbip_pipe_v3_0_7_viv__parameterized7_157
INFO: [VRFC 10-311] analyzing module div_gen_1_xbip_pipe_v3_0_7_viv__parameterized7_160
INFO: [VRFC 10-311] analyzing module div_gen_1_xbip_pipe_v3_0_7_viv__parameterized7_162
INFO: [VRFC 10-311] analyzing module div_gen_1_xbip_pipe_v3_0_7_viv__parameterized7_165
INFO: [VRFC 10-311] analyzing module div_gen_1_xbip_pipe_v3_0_7_viv__parameterized7_167
INFO: [VRFC 10-311] analyzing module div_gen_1_xbip_pipe_v3_0_7_viv__parameterized7_170
INFO: [VRFC 10-311] analyzing module div_gen_1_xbip_pipe_v3_0_7_viv__parameterized7_172
INFO: [VRFC 10-311] analyzing module div_gen_1_xbip_pipe_v3_0_7_viv__parameterized7_175
INFO: [VRFC 10-311] analyzing module div_gen_1_xbip_pipe_v3_0_7_viv__parameterized7_177
INFO: [VRFC 10-311] analyzing module div_gen_1_xbip_pipe_v3_0_7_viv__parameterized7_180
INFO: [VRFC 10-311] analyzing module div_gen_1_xbip_pipe_v3_0_7_viv__parameterized7_182
INFO: [VRFC 10-311] analyzing module div_gen_1_xbip_pipe_v3_0_7_viv__parameterized7_185
INFO: [VRFC 10-311] analyzing module div_gen_1_xbip_pipe_v3_0_7_viv__parameterized7_187
INFO: [VRFC 10-311] analyzing module div_gen_1_xbip_pipe_v3_0_7_viv__parameterized7_190
INFO: [VRFC 10-311] analyzing module div_gen_1_xbip_pipe_v3_0_7_viv__parameterized7_192
INFO: [VRFC 10-311] analyzing module div_gen_1_xbip_pipe_v3_0_7_viv__parameterized7_195
INFO: [VRFC 10-311] analyzing module div_gen_1_xbip_pipe_v3_0_7_viv__parameterized7_197
INFO: [VRFC 10-311] analyzing module div_gen_1_xbip_pipe_v3_0_7_viv__parameterized7_200
INFO: [VRFC 10-311] analyzing module div_gen_1_xbip_pipe_v3_0_7_viv__parameterized7_202
INFO: [VRFC 10-311] analyzing module div_gen_1_xbip_pipe_v3_0_7_viv__parameterized7_205
INFO: [VRFC 10-311] analyzing module div_gen_1_xbip_pipe_v3_0_7_viv__parameterized7_207
INFO: [VRFC 10-311] analyzing module div_gen_1_xbip_pipe_v3_0_7_viv__parameterized7_210
INFO: [VRFC 10-311] analyzing module div_gen_1_xbip_pipe_v3_0_7_viv__parameterized7_212
INFO: [VRFC 10-311] analyzing module div_gen_1_xbip_pipe_v3_0_7_viv__parameterized7_215
INFO: [VRFC 10-311] analyzing module div_gen_1_xbip_pipe_v3_0_7_viv__parameterized7_217
INFO: [VRFC 10-311] analyzing module div_gen_1_xbip_pipe_v3_0_7_viv__parameterized7_220
INFO: [VRFC 10-311] analyzing module div_gen_1_xbip_pipe_v3_0_7_viv__parameterized7_222
INFO: [VRFC 10-311] analyzing module div_gen_1_xbip_pipe_v3_0_7_viv__parameterized7_65
INFO: [VRFC 10-311] analyzing module div_gen_1_xbip_pipe_v3_0_7_viv__parameterized7_67
INFO: [VRFC 10-311] analyzing module div_gen_1_xbip_pipe_v3_0_7_viv__parameterized7_70
INFO: [VRFC 10-311] analyzing module div_gen_1_xbip_pipe_v3_0_7_viv__parameterized7_72
INFO: [VRFC 10-311] analyzing module div_gen_1_xbip_pipe_v3_0_7_viv__parameterized7_75
INFO: [VRFC 10-311] analyzing module div_gen_1_xbip_pipe_v3_0_7_viv__parameterized7_77
INFO: [VRFC 10-311] analyzing module div_gen_1_xbip_pipe_v3_0_7_viv__parameterized7_80
INFO: [VRFC 10-311] analyzing module div_gen_1_xbip_pipe_v3_0_7_viv__parameterized7_82
INFO: [VRFC 10-311] analyzing module div_gen_1_xbip_pipe_v3_0_7_viv__parameterized7_85
INFO: [VRFC 10-311] analyzing module div_gen_1_xbip_pipe_v3_0_7_viv__parameterized7_87
INFO: [VRFC 10-311] analyzing module div_gen_1_xbip_pipe_v3_0_7_viv__parameterized7_90
INFO: [VRFC 10-311] analyzing module div_gen_1_xbip_pipe_v3_0_7_viv__parameterized7_92
INFO: [VRFC 10-311] analyzing module div_gen_1_xbip_pipe_v3_0_7_viv__parameterized7_95
INFO: [VRFC 10-311] analyzing module div_gen_1_xbip_pipe_v3_0_7_viv__parameterized7_97
INFO: [VRFC 10-311] analyzing module div_gen_1_xbip_pipe_v3_0_7_viv__parameterized81
INFO: [VRFC 10-311] analyzing module div_gen_1_xbip_pipe_v3_0_7_viv__parameterized83
INFO: [VRFC 10-311] analyzing module div_gen_1_xbip_pipe_v3_0_7_viv__parameterized85
INFO: [VRFC 10-311] analyzing module div_gen_1_xbip_pipe_v3_0_7_viv__parameterized87
INFO: [VRFC 10-311] analyzing module div_gen_1_xbip_pipe_v3_0_7_viv__parameterized89
INFO: [VRFC 10-311] analyzing module div_gen_1_xbip_pipe_v3_0_7_viv__parameterized9
INFO: [VRFC 10-311] analyzing module div_gen_1_xbip_pipe_v3_0_7_viv__parameterized91
INFO: [VRFC 10-311] analyzing module div_gen_1_xbip_pipe_v3_0_7_viv__parameterized93
INFO: [VRFC 10-311] analyzing module div_gen_1_xbip_pipe_v3_0_7_viv__parameterized95
INFO: [VRFC 10-311] analyzing module div_gen_1_xbip_pipe_v3_0_7_viv__parameterized97
INFO: [VRFC 10-311] analyzing module div_gen_1_xbip_pipe_v3_0_7_viv__parameterized99
INFO: [VRFC 10-311] analyzing module div_gen_1_xbip_pipe_v3_0_7_viv__parameterized9_101
INFO: [VRFC 10-311] analyzing module div_gen_1_xbip_pipe_v3_0_7_viv__parameterized9_106
INFO: [VRFC 10-311] analyzing module div_gen_1_xbip_pipe_v3_0_7_viv__parameterized9_111
INFO: [VRFC 10-311] analyzing module div_gen_1_xbip_pipe_v3_0_7_viv__parameterized9_116
INFO: [VRFC 10-311] analyzing module div_gen_1_xbip_pipe_v3_0_7_viv__parameterized9_121
INFO: [VRFC 10-311] analyzing module div_gen_1_xbip_pipe_v3_0_7_viv__parameterized9_126
INFO: [VRFC 10-311] analyzing module div_gen_1_xbip_pipe_v3_0_7_viv__parameterized9_131
INFO: [VRFC 10-311] analyzing module div_gen_1_xbip_pipe_v3_0_7_viv__parameterized9_136
INFO: [VRFC 10-311] analyzing module div_gen_1_xbip_pipe_v3_0_7_viv__parameterized9_141
INFO: [VRFC 10-311] analyzing module div_gen_1_xbip_pipe_v3_0_7_viv__parameterized9_146
INFO: [VRFC 10-311] analyzing module div_gen_1_xbip_pipe_v3_0_7_viv__parameterized9_151
INFO: [VRFC 10-311] analyzing module div_gen_1_xbip_pipe_v3_0_7_viv__parameterized9_156
INFO: [VRFC 10-311] analyzing module div_gen_1_xbip_pipe_v3_0_7_viv__parameterized9_161
INFO: [VRFC 10-311] analyzing module div_gen_1_xbip_pipe_v3_0_7_viv__parameterized9_166
INFO: [VRFC 10-311] analyzing module div_gen_1_xbip_pipe_v3_0_7_viv__parameterized9_171
INFO: [VRFC 10-311] analyzing module div_gen_1_xbip_pipe_v3_0_7_viv__parameterized9_176
INFO: [VRFC 10-311] analyzing module div_gen_1_xbip_pipe_v3_0_7_viv__parameterized9_181
INFO: [VRFC 10-311] analyzing module div_gen_1_xbip_pipe_v3_0_7_viv__parameterized9_186
INFO: [VRFC 10-311] analyzing module div_gen_1_xbip_pipe_v3_0_7_viv__parameterized9_191
INFO: [VRFC 10-311] analyzing module div_gen_1_xbip_pipe_v3_0_7_viv__parameterized9_196
INFO: [VRFC 10-311] analyzing module div_gen_1_xbip_pipe_v3_0_7_viv__parameterized9_201
INFO: [VRFC 10-311] analyzing module div_gen_1_xbip_pipe_v3_0_7_viv__parameterized9_206
INFO: [VRFC 10-311] analyzing module div_gen_1_xbip_pipe_v3_0_7_viv__parameterized9_211
INFO: [VRFC 10-311] analyzing module div_gen_1_xbip_pipe_v3_0_7_viv__parameterized9_216
INFO: [VRFC 10-311] analyzing module div_gen_1_xbip_pipe_v3_0_7_viv__parameterized9_221
INFO: [VRFC 10-311] analyzing module div_gen_1_xbip_pipe_v3_0_7_viv__parameterized9_66
INFO: [VRFC 10-311] analyzing module div_gen_1_xbip_pipe_v3_0_7_viv__parameterized9_71
INFO: [VRFC 10-311] analyzing module div_gen_1_xbip_pipe_v3_0_7_viv__parameterized9_76
INFO: [VRFC 10-311] analyzing module div_gen_1_xbip_pipe_v3_0_7_viv__parameterized9_81
INFO: [VRFC 10-311] analyzing module div_gen_1_xbip_pipe_v3_0_7_viv__parameterized9_86
INFO: [VRFC 10-311] analyzing module div_gen_1_xbip_pipe_v3_0_7_viv__parameterized9_91
INFO: [VRFC 10-311] analyzing module div_gen_1_xbip_pipe_v3_0_7_viv__parameterized9_96
INFO: [VRFC 10-311] analyzing module glbl
INFO: [VRFC 10-2263] Analyzing Verilog file "C:/Users/ethan/Vivado_Projects/basic_i2c/basic_i2c.srcs/sim_1/new/i2c_master_tb.v" into library xil_defaultlib
INFO: [VRFC 10-311] analyzing module i2c_master_tb
INFO: [VRFC 10-2263] Analyzing Verilog file "C:/Users/ethan/Vivado_Projects/basic_i2c/basic_i2c.srcs/sim_1/new/divider_tb.v" into library xil_defaultlib
INFO: [VRFC 10-311] analyzing module divider_tb
INFO: [VRFC 10-2263] Analyzing Verilog file "C:/Users/ethan/Vivado_Projects/basic_i2c/basic_i2c.srcs/sim_1/new/display_7_seg_tb.v" into library xil_defaultlib
INFO: [VRFC 10-311] analyzing module display_7_seg_tb
INFO: [VRFC 10-2263] Analyzing Verilog file "C:/Users/ethan/Vivado_Projects/basic_i2c/basic_i2c.srcs/sim_1/new/top_tb.v" into library xil_defaultlib
INFO: [VRFC 10-311] analyzing module top_tb
INFO: [VRFC 10-2263] Analyzing Verilog file "C:/Users/ethan/Vivado_Projects/basic_i2c/basic_i2c.srcs/sim_1/new/calc_temp_tb.v" into library xil_defaultlib
INFO: [VRFC 10-311] analyzing module calc_temp_tb
